<?xml version="1.0" encoding="UTF-8"?>
<testsuite xmlns:xsi="http://www.w3.org/2001/XMLSchema-instance" xsi:noNamespaceSchemaLocation="https://maven.apache.org/surefire/maven-surefire-plugin/xsd/surefire-test-report.xsd" name="ubb.repository.EmployeeMockTest" time="0.038" tests="6" errors="0" skipped="0" failures="0">
  <properties>
[...]
</properties>
  <testcase name="givenEmployeeWithIdExistingInListButNotOnIndexZero_whenModifyEmployeeFunction_thenChangeTheFunctionOfTheCorrectEmployee" classname="ubb.repository.EmployeeMockTest" time="0.018"/>
  <testcase name="givenInvalidEmployeeWithIdOneAndSalaryZero_whenAddEmployee_thenReturnFalseAndDoNotAddEmployee" classname="ubb.repository.EmployeeMockTest" time="0.001"/>
  <testcase name="givenValidEmployeeWithIdTwoAndSalaryTwo_whenAddEmployee_thenReturnTrueAndAddEmployee" classname="ubb.repository.EmployeeMockTest" time="0.001"/>
  <testcase name="givenInvalidEmployeeWithIdZero_whenAddEmployee_thenReturnFalseAndDoNotAddEmployee" classname="ubb.repository.EmployeeMockTest" time="0"/>
  <testcase name="givenValidEmployeeWithIdOneAndSalaryOne_whenAddEmployee_thenReturnTrueAndAddEmployee" classname="ubb.repository.EmployeeMockTest" time="0.001"/>
  <testcase name="givenNullEmployee_whenModifyEmployeeFunction_thenExitWithoutChanges" classname="ubb.repository.EmployeeMockTest" time="0"/>
</testsuite>